[0.007s] Invoking command in '/mnt/Storage02/SoftwareDev/Project STORM/Project-STORM/build/cmd_vel_mux': CMAKE_PREFIX_PATH=/opt/ros/humble CONDA_PROMPT_MODIFIER=(base) /usr/bin/cmake /mnt/Storage02/SoftwareDev/Project STORM/Project-STORM/src/cmd_vel_mux -DCMAKE_INSTALL_PREFIX=/mnt/Storage02/SoftwareDev/Project STORM/Project-STORM/install/cmd_vel_mux
[0.017s] -- Found ament_cmake_ros: 0.10.0 (/opt/ros/humble/share/ament_cmake_ros/cmake)
[0.312s] -- Found Python3: /home/malneyugnfl/anaconda3/bin/python3 (found version "3.12.2") found components: Interpreter 
[0.390s] -- Found geometry_msgs: 4.9.0 (/opt/ros/humble/share/geometry_msgs/cmake)
[0.419s] -- Found rosidl_generator_c: 3.1.7 (/opt/ros/humble/share/rosidl_generator_c/cmake)
[0.423s] -- Found rosidl_adapter: 3.1.7 (/opt/ros/humble/share/rosidl_adapter/cmake)
[0.435s] -- Found rosidl_generator_cpp: 3.1.7 (/opt/ros/humble/share/rosidl_generator_cpp/cmake)
[0.446s] -- Using all available rosidl_typesupport_c: rosidl_typesupport_fastrtps_c;rosidl_typesupport_introspection_c
[0.458s] -- Using all available rosidl_typesupport_cpp: rosidl_typesupport_fastrtps_cpp;rosidl_typesupport_introspection_cpp
[0.489s] -- Found rcl_interfaces: 1.2.2 (/opt/ros/humble/share/rcl_interfaces/cmake)
[0.498s] -- Found rclcpp: 16.0.15 (/opt/ros/humble/share/rclcpp/cmake)
[0.516s] -- Found rmw_implementation_cmake: 6.1.2 (/opt/ros/humble/share/rmw_implementation_cmake/cmake)
[0.518s] -- Found rmw_fastrtps_cpp: 6.2.8 (/opt/ros/humble/share/rmw_fastrtps_cpp/cmake)
[0.608s] -- Found OpenSSL: /usr/lib/x86_64-linux-gnu/libcrypto.so (found version "3.0.2")  
[0.643s] -- Found FastRTPS: /opt/ros/humble/include  
[0.685s] -- Using RMW implementation 'rmw_fastrtps_cpp' as default
[0.698s] -- Looking for pthread.h
[0.789s] -- Looking for pthread.h - found
[0.789s] -- Performing Test CMAKE_HAVE_LIBC_PTHREAD
[0.913s] -- Performing Test CMAKE_HAVE_LIBC_PTHREAD - Success
[0.914s] -- Found Threads: TRUE  
[0.956s] -- Found rclcpp_components: 16.0.15 (/opt/ros/humble/share/rclcpp_components/cmake)
[0.984s] -- Found ament_lint_auto: 0.12.14 (/opt/ros/humble/share/ament_lint_auto/cmake)
[1.001s] Traceback (most recent call last):
[1.001s]   File "/opt/ros/humble/share/ament_cmake_core/cmake/core/package_xml_2_cmake.py", line 22, in <module>
[1.002s]     from catkin_pkg.package import parse_package_string
[1.002s] ModuleNotFoundError: No module named 'catkin_pkg'
[1.002s] [31mCMake Error at /opt/ros/humble/share/ament_cmake_core/cmake/core/ament_package_xml.cmake:95 (message):
[1.002s]   execute_process(/home/malneyugnfl/anaconda3/bin/python3
[1.003s]   /opt/ros/humble/share/ament_cmake_core/cmake/core/package_xml_2_cmake.py
[1.003s]   /mnt/Storage02/SoftwareDev/Project
[1.003s]   STORM/Project-STORM/src/cmd_vel_mux/package.xml
[1.003s]   /mnt/Storage02/SoftwareDev/Project
[1.003s]   STORM/Project-STORM/build/cmd_vel_mux/ament_cmake_core/package.cmake)
[1.003s]   returned error code 1
[1.003s] Call Stack (most recent call first):
[1.003s]   /opt/ros/humble/share/ament_cmake_core/cmake/core/ament_package_xml.cmake:49 (_ament_package_xml)
[1.003s]   /opt/ros/humble/share/ament_lint_auto/cmake/ament_lint_auto_find_test_dependencies.cmake:31 (ament_package_xml)
[1.004s]   CMakeLists.txt:53 (ament_lint_auto_find_test_dependencies)
[1.004s] 
[1.004s] [0m
[1.004s] -- Configuring incomplete, errors occurred!
[1.004s] See also "/mnt/Storage02/SoftwareDev/Project STORM/Project-STORM/build/cmd_vel_mux/CMakeFiles/CMakeOutput.log".
[1.007s] Invoked command in '/mnt/Storage02/SoftwareDev/Project STORM/Project-STORM/build/cmd_vel_mux' returned '1': CMAKE_PREFIX_PATH=/opt/ros/humble CONDA_PROMPT_MODIFIER=(base) /usr/bin/cmake /mnt/Storage02/SoftwareDev/Project STORM/Project-STORM/src/cmd_vel_mux -DCMAKE_INSTALL_PREFIX=/mnt/Storage02/SoftwareDev/Project STORM/Project-STORM/install/cmd_vel_mux
