[0.009s] Invoking command in '/mnt/Storage02/SoftwareDev/Project STORM/Project-STORM/build/cmd_vel_mux': CMAKE_PREFIX_PATH=/opt/ros/humble CONDA_PROMPT_MODIFIER=(base) /usr/bin/cmake /mnt/Storage02/SoftwareDev/Project STORM/Project-STORM/src/cmd_vel_mux -DCMAKE_INSTALL_PREFIX=/mnt/Storage02/SoftwareDev/Project STORM/Project-STORM/install/cmd_vel_mux
[0.020s] -- Found ament_cmake_ros: 0.10.0 (/opt/ros/humble/share/ament_cmake_ros/cmake)
[0.119s] -- Found geometry_msgs: 4.9.0 (/opt/ros/humble/share/geometry_msgs/cmake)
[0.138s] -- Found rosidl_generator_c: 3.1.7 (/opt/ros/humble/share/rosidl_generator_c/cmake)
[0.139s] -- Found rosidl_adapter: 3.1.7 (/opt/ros/humble/share/rosidl_adapter/cmake)
[0.142s] -- Found rosidl_generator_cpp: 3.1.7 (/opt/ros/humble/share/rosidl_generator_cpp/cmake)
[0.147s] -- Using all available rosidl_typesupport_c: rosidl_typesupport_fastrtps_c;rosidl_typesupport_introspection_c
[0.153s] -- Using all available rosidl_typesupport_cpp: rosidl_typesupport_fastrtps_cpp;rosidl_typesupport_introspection_cpp
[0.174s] -- Found rcl_interfaces: 1.2.2 (/opt/ros/humble/share/rcl_interfaces/cmake)
[0.181s] -- Found rclcpp: 16.0.15 (/opt/ros/humble/share/rclcpp/cmake)
[0.191s] -- Found rmw_implementation_cmake: 6.1.2 (/opt/ros/humble/share/rmw_implementation_cmake/cmake)
[0.191s] -- Found rmw_fastrtps_cpp: 6.2.8 (/opt/ros/humble/share/rmw_fastrtps_cpp/cmake)
[0.271s] -- Using RMW implementation 'rmw_fastrtps_cpp' as default
[0.302s] -- Found rclcpp_components: 16.0.15 (/opt/ros/humble/share/rclcpp_components/cmake)
[0.316s] -- Found ament_lint_auto: 0.12.14 (/opt/ros/humble/share/ament_lint_auto/cmake)
[0.330s] Traceback (most recent call last):
[0.330s]   File "/opt/ros/humble/share/ament_cmake_core/cmake/core/package_xml_2_cmake.py", line 22, in <module>
[0.330s]     from catkin_pkg.package import parse_package_string
[0.330s] ModuleNotFoundError: No module named 'catkin_pkg'
[0.332s] [31mCMake Error at /opt/ros/humble/share/ament_cmake_core/cmake/core/ament_package_xml.cmake:95 (message):
[0.332s]   execute_process(/home/malneyugnfl/anaconda3/bin/python3
[0.332s]   /opt/ros/humble/share/ament_cmake_core/cmake/core/package_xml_2_cmake.py
[0.332s]   /mnt/Storage02/SoftwareDev/Project
[0.332s]   STORM/Project-STORM/src/cmd_vel_mux/package.xml
[0.333s]   /mnt/Storage02/SoftwareDev/Project
[0.333s]   STORM/Project-STORM/build/cmd_vel_mux/ament_cmake_core/package.cmake)
[0.333s]   returned error code 1
[0.333s] Call Stack (most recent call first):
[0.333s]   /opt/ros/humble/share/ament_cmake_core/cmake/core/ament_package_xml.cmake:49 (_ament_package_xml)
[0.333s]   /opt/ros/humble/share/ament_lint_auto/cmake/ament_lint_auto_find_test_dependencies.cmake:31 (ament_package_xml)
[0.333s]   CMakeLists.txt:53 (ament_lint_auto_find_test_dependencies)
[0.333s] 
[0.333s] [0m
[0.333s] -- Configuring incomplete, errors occurred!
[0.334s] See also "/mnt/Storage02/SoftwareDev/Project STORM/Project-STORM/build/cmd_vel_mux/CMakeFiles/CMakeOutput.log".
[0.336s] Invoked command in '/mnt/Storage02/SoftwareDev/Project STORM/Project-STORM/build/cmd_vel_mux' returned '1': CMAKE_PREFIX_PATH=/opt/ros/humble CONDA_PROMPT_MODIFIER=(base) /usr/bin/cmake /mnt/Storage02/SoftwareDev/Project STORM/Project-STORM/src/cmd_vel_mux -DCMAKE_INSTALL_PREFIX=/mnt/Storage02/SoftwareDev/Project STORM/Project-STORM/install/cmd_vel_mux
