[0.008s] Invoking command in '/mnt/Storage02/SoftwareDev/Project STORM/Project-STORM/build/cmd_vel_mux': CMAKE_PREFIX_PATH=/opt/ros/humble CONDA_PROMPT_MODIFIER=(base) /usr/bin/cmake /mnt/Storage02/SoftwareDev/Project STORM/Project-STORM/src/cmd_vel_mux -DCMAKE_INSTALL_PREFIX=/mnt/Storage02/SoftwareDev/Project STORM/Project-STORM/install/cmd_vel_mux
[0.017s] -- Found ament_cmake_ros: 0.10.0 (/opt/ros/humble/share/ament_cmake_ros/cmake)
[0.106s] -- Found geometry_msgs: 4.9.0 (/opt/ros/humble/share/geometry_msgs/cmake)
[0.119s] -- Found rosidl_generator_c: 3.1.7 (/opt/ros/humble/share/rosidl_generator_c/cmake)
[0.121s] -- Found rosidl_adapter: 3.1.7 (/opt/ros/humble/share/rosidl_adapter/cmake)
[0.125s] -- Found rosidl_generator_cpp: 3.1.7 (/opt/ros/humble/share/rosidl_generator_cpp/cmake)
[0.131s] -- Using all available rosidl_typesupport_c: rosidl_typesupport_fastrtps_c;rosidl_typesupport_introspection_c
[0.136s] -- Using all available rosidl_typesupport_cpp: rosidl_typesupport_fastrtps_cpp;rosidl_typesupport_introspection_cpp
[0.154s] -- Found rcl_interfaces: 1.2.2 (/opt/ros/humble/share/rcl_interfaces/cmake)
[0.159s] -- Found rclcpp: 16.0.15 (/opt/ros/humble/share/rclcpp/cmake)
[0.167s] -- Found rmw_implementation_cmake: 6.1.2 (/opt/ros/humble/share/rmw_implementation_cmake/cmake)
[0.167s] -- Found rmw_fastrtps_cpp: 6.2.8 (/opt/ros/humble/share/rmw_fastrtps_cpp/cmake)
[0.236s] -- Using RMW implementation 'rmw_fastrtps_cpp' as default
[0.262s] -- Found rclcpp_components: 16.0.15 (/opt/ros/humble/share/rclcpp_components/cmake)
[0.274s] -- Found ament_lint_auto: 0.12.14 (/opt/ros/humble/share/ament_lint_auto/cmake)
[0.368s] [31mCMake Error at CMakeLists.txt:55 (find_package):
[0.368s]   By not providing "Findros_testing.cmake" in CMAKE_MODULE_PATH this project
[0.369s]   has asked CMake to find a package configuration file provided by
[0.369s]   "ros_testing", but CMake did not find one.
[0.369s] 
[0.369s]   Could not find a package configuration file provided by "ros_testing" with
[0.369s]   any of the following names:
[0.369s] 
[0.369s]     ros_testingConfig.cmake
[0.369s]     ros_testing-config.cmake
[0.370s] 
[0.370s]   Add the installation prefix of "ros_testing" to CMAKE_PREFIX_PATH or set
[0.370s]   "ros_testing_DIR" to a directory containing one of the above files.  If
[0.370s]   "ros_testing" provides a separate development package or SDK, be sure it
[0.370s]   has been installed.
[0.370s] 
[0.370s] [0m
[0.371s] -- Configuring incomplete, errors occurred!
[0.371s] See also "/mnt/Storage02/SoftwareDev/Project STORM/Project-STORM/build/cmd_vel_mux/CMakeFiles/CMakeOutput.log".
[0.373s] Invoked command in '/mnt/Storage02/SoftwareDev/Project STORM/Project-STORM/build/cmd_vel_mux' returned '1': CMAKE_PREFIX_PATH=/opt/ros/humble CONDA_PROMPT_MODIFIER=(base) /usr/bin/cmake /mnt/Storage02/SoftwareDev/Project STORM/Project-STORM/src/cmd_vel_mux -DCMAKE_INSTALL_PREFIX=/mnt/Storage02/SoftwareDev/Project STORM/Project-STORM/install/cmd_vel_mux
