[0.038s] Invoking command in '/mnt/Storage02/SoftwareDev/Project STORM/Project-STORM/build/cmd_vel_mux': CONDA_PROMPT_MODIFIER=(base) /usr/bin/cmake /mnt/Storage02/SoftwareDev/Project STORM/Project-STORM/src/cmd_vel_mux -DCMAKE_INSTALL_PREFIX=/mnt/Storage02/SoftwareDev/Project STORM/Project-STORM/install/cmd_vel_mux
[0.132s] -- The C compiler identification is GNU 11.4.0
[0.230s] -- The CXX compiler identification is GNU 11.4.0
[0.243s] -- Detecting C compiler ABI info
[0.344s] -- Detecting C compiler ABI info - done
[0.354s] -- Check for working C compiler: /usr/bin/cc - skipped
[0.355s] -- Detecting C compile features
[0.355s] -- Detecting C compile features - done
[0.361s] -- Detecting CXX compiler ABI info
[0.456s] -- Detecting CXX compiler ABI info - done
[0.460s] -- Check for working CXX compiler: /usr/bin/c++ - skipped
[0.461s] -- Detecting CXX compile features
[0.461s] -- Detecting CXX compile features - done
[0.468s] -- Configuring incomplete, errors occurred!
[0.468s] See also "/mnt/Storage02/SoftwareDev/Project STORM/Project-STORM/build/cmd_vel_mux/CMakeFiles/CMakeOutput.log".
[0.468s] [31mCMake Error at CMakeLists.txt:13 (find_package):
[0.468s]   By not providing "Findament_cmake_ros.cmake" in CMAKE_MODULE_PATH this
[0.468s]   project has asked CMake to find a package configuration file provided by
[0.468s]   "ament_cmake_ros", but CMake did not find one.
[0.468s] 
[0.468s]   Could not find a package configuration file provided by "ament_cmake_ros"
[0.468s]   with any of the following names:
[0.468s] 
[0.468s]     ament_cmake_rosConfig.cmake
[0.469s]     ament_cmake_ros-config.cmake
[0.469s] 
[0.469s]   Add the installation prefix of "ament_cmake_ros" to CMAKE_PREFIX_PATH or
[0.469s]   set "ament_cmake_ros_DIR" to a directory containing one of the above files.
[0.469s]   If "ament_cmake_ros" provides a separate development package or SDK, be
[0.469s]   sure it has been installed.
[0.469s] 
[0.469s] [0m
[0.470s] Invoked command in '/mnt/Storage02/SoftwareDev/Project STORM/Project-STORM/build/cmd_vel_mux' returned '1': CONDA_PROMPT_MODIFIER=(base) /usr/bin/cmake /mnt/Storage02/SoftwareDev/Project STORM/Project-STORM/src/cmd_vel_mux -DCMAKE_INSTALL_PREFIX=/mnt/Storage02/SoftwareDev/Project STORM/Project-STORM/install/cmd_vel_mux
